2025-05-17 11:43:52,344 - INFO - divide function with arguments: a={a}, b={b}
2025-05-17 11:43:52,344 - INFO - Result: 3.0
2025-05-17 11:43:52,344 - INFO - divide function with arguments: a={a}, b={b}
2025-05-17 11:43:52,344 - ERROR - Division by zero!
Traceback (most recent call last):
  File "D:\PythonProjects\5 (CW 4)\hrgvas\cw7.py", line 117, in divide
    result = a / b
             ~~^~~
ZeroDivisionError: division by zero
2025-05-17 11:44:37,437 - INFO - divide function with arguments: a={a}, b={b}
2025-05-17 11:44:37,437 - INFO - Result: 3.0
2025-05-17 11:44:37,437 - INFO - divide function with arguments: a={a}, b={b}
2025-05-17 11:44:37,437 - ERROR - Division by zero!
Traceback (most recent call last):
  File "D:\PythonProjects\5 (CW 4)\hrgvas\cw7.py", line 117, in divide
    result = a / b
             ~~^~~
ZeroDivisionError: division by zero
2025-05-17 11:44:38,721 - INFO - divide function with arguments: a={a}, b={b}
2025-05-17 11:44:38,721 - INFO - Result: 3.0
2025-05-17 11:44:38,721 - INFO - divide function with arguments: a={a}, b={b}
2025-05-17 11:44:38,721 - ERROR - Division by zero!
Traceback (most recent call last):
  File "D:\PythonProjects\5 (CW 4)\hrgvas\cw7.py", line 117, in divide
    result = a / b
             ~~^~~
ZeroDivisionError: division by zero
2025-05-17 11:44:39,425 - INFO - divide function with arguments: a={a}, b={b}
2025-05-17 11:44:39,425 - INFO - Result: 3.0
2025-05-17 11:44:39,425 - INFO - divide function with arguments: a={a}, b={b}
2025-05-17 11:44:39,425 - ERROR - Division by zero!
Traceback (most recent call last):
  File "D:\PythonProjects\5 (CW 4)\hrgvas\cw7.py", line 117, in divide
    result = a / b
             ~~^~~
ZeroDivisionError: division by zero
2025-05-17 11:44:40,169 - INFO - divide function with arguments: a={a}, b={b}
2025-05-17 11:44:40,169 - INFO - Result: 3.0
2025-05-17 11:44:40,169 - INFO - divide function with arguments: a={a}, b={b}
2025-05-17 11:44:40,169 - ERROR - Division by zero!
Traceback (most recent call last):
  File "D:\PythonProjects\5 (CW 4)\hrgvas\cw7.py", line 117, in divide
    result = a / b
             ~~^~~
ZeroDivisionError: division by zero
2025-05-17 11:48:09,659 - INFO - divide function with arguments: a={a}, b={b}
2025-05-17 11:48:09,659 - INFO - Result: 3.0
2025-05-17 11:48:09,659 - INFO - divide function with arguments: a={a}, b={b}
2025-05-17 11:48:09,659 - ERROR - Division by zero!
Traceback (most recent call last):
  File "D:\PythonProjects\5 (CW 4)\hrgvas\cw7.py", line 117, in divide
    result = a / b
             ~~^~~
ZeroDivisionError: division by zero
2025-05-17 11:48:26,416 - INFO - divide function with arguments: a={a}, b={b}
2025-05-17 11:48:26,416 - INFO - Result: 3.0
2025-05-17 11:48:26,416 - INFO - divide function with arguments: a={a}, b={b}
2025-05-17 11:48:26,416 - ERROR - Division by zero!
Traceback (most recent call last):
  File "D:\PythonProjects\5 (CW 4)\hrgvas\cw7.py", line 117, in divide
    result = a / b
             ~~^~~
ZeroDivisionError: division by zero
2025-05-17 11:48:35,844 - INFO - divide function with arguments: a={a}, b={b}
2025-05-17 11:48:35,844 - INFO - Result: 3.0
2025-05-17 11:48:35,844 - INFO - divide function with arguments: a={a}, b={b}
2025-05-17 11:48:35,844 - ERROR - Division by zero!
Traceback (most recent call last):
  File "D:\PythonProjects\5 (CW 4)\hrgvas\cw7.py", line 117, in divide
    result = a / b
             ~~^~~
ZeroDivisionError: division by zero
2025-05-17 11:48:47,352 - INFO - divide function with arguments: a={a}, b={b}
2025-05-17 11:48:47,352 - INFO - Result: 2.0
2025-05-17 11:48:47,352 - INFO - divide function with arguments: a={a}, b={b}
2025-05-17 11:48:47,352 - ERROR - Division by zero!
Traceback (most recent call last):
  File "D:\PythonProjects\5 (CW 4)\hrgvas\cw7.py", line 117, in divide
    result = a / b
             ~~^~~
ZeroDivisionError: division by zero
2025-05-17 11:51:15,928 - INFO - divide function with arguments: a={a}, b={b}
2025-05-17 11:51:15,928 - INFO - Result: 2.0
2025-05-17 11:51:15,928 - INFO - divide function with arguments: a={a}, b={b}
2025-05-17 11:51:15,928 - ERROR - Division by zero!
Traceback (most recent call last):
  File "D:\PythonProjects\5 (CW 4)\hrgvas\cw7.py", line 117, in divide
    result = a / b
             ~~^~~
ZeroDivisionError: division by zero
2025-05-17 11:52:01,617 - INFO - divide function with arguments: a={a}, b={b}
2025-05-17 11:52:01,617 - INFO - Result: 2.0
2025-05-17 11:52:01,617 - INFO - divide function with arguments: a={a}, b={b}
2025-05-17 11:52:01,619 - ERROR - Division by zero!
Traceback (most recent call last):
  File "D:\PythonProjects\5 (CW 4)\hrgvas\cw7.py", line 117, in divide
    result = a / b
             ~~^~~
ZeroDivisionError: division by zero
2025-05-17 11:52:07,047 - INFO - divide function with arguments: a={a}, b={b}
2025-05-17 11:52:07,047 - INFO - Result: 2.0
2025-05-17 11:52:07,047 - INFO - divide function with arguments: a={a}, b={b}
2025-05-17 11:52:07,047 - ERROR - Division by zero!
Traceback (most recent call last):
  File "D:\PythonProjects\5 (CW 4)\hrgvas\cw7.py", line 117, in divide
    result = a / b
             ~~^~~
ZeroDivisionError: division by zero
2025-05-17 11:52:07,052 - INFO - divide function with arguments: a={a}, b={b}
2025-05-17 11:52:07,052 - INFO - Result: 5.0
2025-05-17 11:52:07,052 - INFO - divide function with arguments: a={a}, b={b}
2025-05-17 11:52:07,052 - ERROR - Division by zero!
Traceback (most recent call last):
  File "D:\PythonProjects\5 (CW 4)\hrgvas\cw7.py", line 117, in divide
    result = a / b
             ~~^~~
ZeroDivisionError: division by zero
2025-05-17 11:52:07,052 - INFO - Test completed Successfully
